{
    "testsuite": {
        "@attributes": {
            "name": "C:\\Users\\hamditou\\school-inventory-system\\phpunit.xml",
            "tests": "14",
            "assertions": "0",
            "errors": "14",
            "failures": "0",
            "skipped": "0",
            "time": "0.000000"
        },
        "testsuite": [
            {
                "@attributes": {
                    "name": "Unit",
                    "tests": "2",
                    "assertions": "0",
                    "errors": "2",
                    "failures": "0",
                    "skipped": "0",
                    "time": "0.000000"
                },
                "testsuite": {
                    "@attributes": {
                        "name": "Tests\\Unit\\InvoiceTest",
                        "file": "tests\\Unit\\InvoiceTest.php",
                        "tests": "2",
                        "assertions": "0",
                        "errors": "2",
                        "failures": "0",
                        "skipped": "0",
                        "time": "0.000000"
                    },
                    "testcase": [
                        {
                            "@attributes": {
                                "name": "invoice calculates total amount correctly from items",
                                "file": "tests\\Unit\\InvoiceTest.php::invoice calculates total amount correctly from items",
                                "class": "Tests\\Unit\\InvoiceTest",
                                "classname": "Tests.Unit.InvoiceTest",
                                "assertions": "0",
                                "time": "0.000000"
                            },
                            "error": "invoice calculates total amount correctly from itemsMockery\\Exception\\BadMethodCallException: Received Mockery_1_Illuminate_Console_OutputStyle::askQuestion(), but no expectations were specified\r\nat vendor\\symfony\\console\\Style\\SymfonyStyle.php:234\nat vendor\\laravel\\framework\\src\\Illuminate\\Console\\View\\Components\\Confirm.php:17\nat vendor\\laravel\\framework\\src\\Illuminate\\Console\\View\\Components\\Component.php:118\nat vendor\\laravel\\framework\\src\\Illuminate\\Console\\View\\Components\\Confirm.php:16\nat vendor\\laravel\\framework\\src\\Illuminate\\Console\\View\\Components\\Factory.php:60\nat vendor\\laravel\\framework\\src\\Illuminate\\Console\\Concerns\\ConfiguresPrompts.php:67\nat vendor\\laravel\\framework\\src\\Illuminate\\Console\\Concerns\\ConfiguresPrompts.php:126\nat vendor\\laravel\\framework\\src\\Illuminate\\Console\\Concerns\\ConfiguresPrompts.php:66\nat vendor\\laravel\\prompts\\src\\Concerns\\Fallback.php:59\nat vendor\\laravel\\prompts\\src\\Prompt.php:108\nat vendor\\laravel\\prompts\\src\\helpers.php:126\nat vendor\\laravel\\framework\\src\\Illuminate\\Console\\ConfirmableTrait.php:31\nat vendor\\laravel\\framework\\src\\Illuminate\\Database\\Console\\Migrations\\FreshCommand.php:61\nat vendor\\laravel\\framework\\src\\Illuminate\\Container\\BoundMethod.php:36\nat vendor\\laravel\\framework\\src\\Illuminate\\Container\\Util.php:43\nat vendor\\laravel\\framework\\src\\Illuminate\\Container\\BoundMethod.php:95\nat vendor\\laravel\\framework\\src\\Illuminate\\Container\\BoundMethod.php:35\nat vendor\\laravel\\framework\\src\\Illuminate\\Container\\Container.php:696\nat vendor\\laravel\\framework\\src\\Illuminate\\Console\\Command.php:213\nat vendor\\symfony\\console\\Command\\Command.php:341\nat vendor\\laravel\\framework\\src\\Illuminate\\Console\\Command.php:182\nat vendor\\symfony\\console\\Application.php:1117\nat vendor\\symfony\\console\\Application.php:356\nat vendor\\symfony\\console\\Application.php:195\nat vendor\\laravel\\framework\\src\\Illuminate\\Console\\Application.php:166\nat vendor\\laravel\\framework\\src\\Illuminate\\Foundation\\Console\\Kernel.php:427\nat vendor\\laravel\\framework\\src\\Illuminate\\Testing\\PendingCommand.php:332\nat vendor\\laravel\\framework\\src\\Illuminate\\Testing\\PendingCommand.php:556\nat vendor\\laravel\\framework\\src\\Illuminate\\Foundation\\Testing\\Concerns\\InteractsWithConsole.php:87\nat vendor\\laravel\\framework\\src\\Illuminate\\Foundation\\Testing\\RefreshDatabase.php:66\nat vendor\\laravel\\framework\\src\\Illuminate\\Foundation\\Testing\\RefreshDatabase.php:25\nat vendor\\laravel\\framework\\src\\Illuminate\\Foundation\\Testing\\Concerns\\InteractsWithTestCaseLifecycle.php:209\nat vendor\\laravel\\framework\\src\\Illuminate\\Foundation\\Testing\\Concerns\\InteractsWithTestCaseLifecycle.php:97\nat vendor\\laravel\\framework\\src\\Illuminate\\Foundation\\Testing\\TestCase.php:44"
                        },
                        {
                            "@attributes": {
                                "name": "invoice has a type cast for date",
                                "file": "tests\\Unit\\InvoiceTest.php::invoice has a type cast for date",
                                "class": "Tests\\Unit\\InvoiceTest",
                                "classname": "Tests.Unit.InvoiceTest",
                                "assertions": "0",
                                "time": "0.000000"
                            },
                            "error": "invoice has a type cast for dateMockery\\Exception\\BadMethodCallException: Received Mockery_1_Illuminate_Console_OutputStyle::askQuestion(), but no expectations were specified\r\nat vendor\\symfony\\console\\Style\\SymfonyStyle.php:234\nat vendor\\laravel\\framework\\src\\Illuminate\\Console\\View\\Components\\Confirm.php:17\nat vendor\\laravel\\framework\\src\\Illuminate\\Console\\View\\Components\\Component.php:118\nat vendor\\laravel\\framework\\src\\Illuminate\\Console\\View\\Components\\Confirm.php:16\nat vendor\\laravel\\framework\\src\\Illuminate\\Console\\View\\Components\\Factory.php:60\nat vendor\\laravel\\framework\\src\\Illuminate\\Console\\Concerns\\ConfiguresPrompts.php:67\nat vendor\\laravel\\framework\\src\\Illuminate\\Console\\Concerns\\ConfiguresPrompts.php:126\nat vendor\\laravel\\framework\\src\\Illuminate\\Console\\Concerns\\ConfiguresPrompts.php:66\nat vendor\\laravel\\prompts\\src\\Concerns\\Fallback.php:59\nat vendor\\laravel\\prompts\\src\\Prompt.php:108\nat vendor\\laravel\\prompts\\src\\helpers.php:126\nat vendor\\laravel\\framework\\src\\Illuminate\\Console\\ConfirmableTrait.php:31\nat vendor\\laravel\\framework\\src\\Illuminate\\Database\\Console\\Migrations\\FreshCommand.php:61\nat vendor\\laravel\\framework\\src\\Illuminate\\Container\\BoundMethod.php:36\nat vendor\\laravel\\framework\\src\\Illuminate\\Container\\Util.php:43\nat vendor\\laravel\\framework\\src\\Illuminate\\Container\\BoundMethod.php:95\nat vendor\\laravel\\framework\\src\\Illuminate\\Container\\BoundMethod.php:35\nat vendor\\laravel\\framework\\src\\Illuminate\\Container\\Container.php:696\nat vendor\\laravel\\framework\\src\\Illuminate\\Console\\Command.php:213\nat vendor\\symfony\\console\\Command\\Command.php:341\nat vendor\\laravel\\framework\\src\\Illuminate\\Console\\Command.php:182\nat vendor\\symfony\\console\\Application.php:1117\nat vendor\\symfony\\console\\Application.php:356\nat vendor\\symfony\\console\\Application.php:195\nat vendor\\laravel\\framework\\src\\Illuminate\\Console\\Application.php:166\nat vendor\\laravel\\framework\\src\\Illuminate\\Foundation\\Console\\Kernel.php:427\nat vendor\\laravel\\framework\\src\\Illuminate\\Testing\\PendingCommand.php:332\nat vendor\\laravel\\framework\\src\\Illuminate\\Testing\\PendingCommand.php:556\nat vendor\\laravel\\framework\\src\\Illuminate\\Foundation\\Testing\\Concerns\\InteractsWithConsole.php:87\nat vendor\\laravel\\framework\\src\\Illuminate\\Foundation\\Testing\\RefreshDatabase.php:66\nat vendor\\laravel\\framework\\src\\Illuminate\\Foundation\\Testing\\RefreshDatabase.php:25\nat vendor\\laravel\\framework\\src\\Illuminate\\Foundation\\Testing\\Concerns\\InteractsWithTestCaseLifecycle.php:209\nat vendor\\laravel\\framework\\src\\Illuminate\\Foundation\\Testing\\Concerns\\InteractsWithTestCaseLifecycle.php:97\nat vendor\\laravel\\framework\\src\\Illuminate\\Foundation\\Testing\\TestCase.php:44"
                        }
                    ]
                }
            },
            {
                "@attributes": {
                    "name": "Feature",
                    "tests": "12",
                    "assertions": "0",
                    "errors": "12",
                    "failures": "0",
                    "skipped": "0",
                    "time": "0.000000"
                },
                "testsuite": [
                    {
                        "@attributes": {
                            "name": "Tests\\Feature\\AuthTest",
                            "file": "tests\\Feature\\AuthTest.php",
                            "tests": "5",
                            "assertions": "0",
                            "errors": "5",
                            "failures": "0",
                            "skipped": "0",
                            "time": "0.000000"
                        },
                        "testcase": [
                            {
                                "@attributes": {
                                    "name": "it allows a user to login with valid credentials",
                                    "file": "tests\\Feature\\AuthTest.php::it allows a user to login with valid credentials",
                                    "class": "Tests\\Feature\\AuthTest",
                                    "classname": "Tests.Feature.AuthTest",
                                    "assertions": "0",
                                    "time": "0.000000"
                                },
                                "error": "it allows a user to login with valid credentialsMockery\\Exception\\BadMethodCallException: Received Mockery_1_Illuminate_Console_OutputStyle::askQuestion(), but no expectations were specified\r\nat vendor\\symfony\\console\\Style\\SymfonyStyle.php:234\nat vendor\\laravel\\framework\\src\\Illuminate\\Console\\View\\Components\\Confirm.php:17\nat vendor\\laravel\\framework\\src\\Illuminate\\Console\\View\\Components\\Component.php:118\nat vendor\\laravel\\framework\\src\\Illuminate\\Console\\View\\Components\\Confirm.php:16\nat vendor\\laravel\\framework\\src\\Illuminate\\Console\\View\\Components\\Factory.php:60\nat vendor\\laravel\\framework\\src\\Illuminate\\Console\\Concerns\\ConfiguresPrompts.php:67\nat vendor\\laravel\\framework\\src\\Illuminate\\Console\\Concerns\\ConfiguresPrompts.php:126\nat vendor\\laravel\\framework\\src\\Illuminate\\Console\\Concerns\\ConfiguresPrompts.php:66\nat vendor\\laravel\\prompts\\src\\Concerns\\Fallback.php:59\nat vendor\\laravel\\prompts\\src\\Prompt.php:108\nat vendor\\laravel\\prompts\\src\\helpers.php:126\nat vendor\\laravel\\framework\\src\\Illuminate\\Console\\ConfirmableTrait.php:31\nat vendor\\laravel\\framework\\src\\Illuminate\\Database\\Console\\Migrations\\FreshCommand.php:61\nat vendor\\laravel\\framework\\src\\Illuminate\\Container\\BoundMethod.php:36\nat vendor\\laravel\\framework\\src\\Illuminate\\Container\\Util.php:43\nat vendor\\laravel\\framework\\src\\Illuminate\\Container\\BoundMethod.php:95\nat vendor\\laravel\\framework\\src\\Illuminate\\Container\\BoundMethod.php:35\nat vendor\\laravel\\framework\\src\\Illuminate\\Container\\Container.php:696\nat vendor\\laravel\\framework\\src\\Illuminate\\Console\\Command.php:213\nat vendor\\symfony\\console\\Command\\Command.php:341\nat vendor\\laravel\\framework\\src\\Illuminate\\Console\\Command.php:182\nat vendor\\symfony\\console\\Application.php:1117\nat vendor\\symfony\\console\\Application.php:356\nat vendor\\symfony\\console\\Application.php:195\nat vendor\\laravel\\framework\\src\\Illuminate\\Console\\Application.php:166\nat vendor\\laravel\\framework\\src\\Illuminate\\Foundation\\Console\\Kernel.php:427\nat vendor\\laravel\\framework\\src\\Illuminate\\Testing\\PendingCommand.php:332\nat vendor\\laravel\\framework\\src\\Illuminate\\Testing\\PendingCommand.php:556\nat vendor\\laravel\\framework\\src\\Illuminate\\Foundation\\Testing\\Concerns\\InteractsWithConsole.php:87\nat vendor\\laravel\\framework\\src\\Illuminate\\Foundation\\Testing\\RefreshDatabase.php:66\nat vendor\\laravel\\framework\\src\\Illuminate\\Foundation\\Testing\\RefreshDatabase.php:25\nat vendor\\laravel\\framework\\src\\Illuminate\\Foundation\\Testing\\Concerns\\InteractsWithTestCaseLifecycle.php:209\nat vendor\\laravel\\framework\\src\\Illuminate\\Foundation\\Testing\\Concerns\\InteractsWithTestCaseLifecycle.php:97\nat vendor\\laravel\\framework\\src\\Illuminate\\Foundation\\Testing\\TestCase.php:44"
                            },
                            {
                                "@attributes": {
                                    "name": "it rejects login with invalid credentials",
                                    "file": "tests\\Feature\\AuthTest.php::it rejects login with invalid credentials",
                                    "class": "Tests\\Feature\\AuthTest",
                                    "classname": "Tests.Feature.AuthTest",
                                    "assertions": "0",
                                    "time": "0.000000"
                                },
                                "error": "it rejects login with invalid credentialsMockery\\Exception\\BadMethodCallException: Received Mockery_1_Illuminate_Console_OutputStyle::askQuestion(), but no expectations were specified\r\nat vendor\\symfony\\console\\Style\\SymfonyStyle.php:234\nat vendor\\laravel\\framework\\src\\Illuminate\\Console\\View\\Components\\Confirm.php:17\nat vendor\\laravel\\framework\\src\\Illuminate\\Console\\View\\Components\\Component.php:118\nat vendor\\laravel\\framework\\src\\Illuminate\\Console\\View\\Components\\Confirm.php:16\nat vendor\\laravel\\framework\\src\\Illuminate\\Console\\View\\Components\\Factory.php:60\nat vendor\\laravel\\framework\\src\\Illuminate\\Console\\Concerns\\ConfiguresPrompts.php:67\nat vendor\\laravel\\framework\\src\\Illuminate\\Console\\Concerns\\ConfiguresPrompts.php:126\nat vendor\\laravel\\framework\\src\\Illuminate\\Console\\Concerns\\ConfiguresPrompts.php:66\nat vendor\\laravel\\prompts\\src\\Concerns\\Fallback.php:59\nat vendor\\laravel\\prompts\\src\\Prompt.php:108\nat vendor\\laravel\\prompts\\src\\helpers.php:126\nat vendor\\laravel\\framework\\src\\Illuminate\\Console\\ConfirmableTrait.php:31\nat vendor\\laravel\\framework\\src\\Illuminate\\Database\\Console\\Migrations\\FreshCommand.php:61\nat vendor\\laravel\\framework\\src\\Illuminate\\Container\\BoundMethod.php:36\nat vendor\\laravel\\framework\\src\\Illuminate\\Container\\Util.php:43\nat vendor\\laravel\\framework\\src\\Illuminate\\Container\\BoundMethod.php:95\nat vendor\\laravel\\framework\\src\\Illuminate\\Container\\BoundMethod.php:35\nat vendor\\laravel\\framework\\src\\Illuminate\\Container\\Container.php:696\nat vendor\\laravel\\framework\\src\\Illuminate\\Console\\Command.php:213\nat vendor\\symfony\\console\\Command\\Command.php:341\nat vendor\\laravel\\framework\\src\\Illuminate\\Console\\Command.php:182\nat vendor\\symfony\\console\\Application.php:1117\nat vendor\\symfony\\console\\Application.php:356\nat vendor\\symfony\\console\\Application.php:195\nat vendor\\laravel\\framework\\src\\Illuminate\\Console\\Application.php:166\nat vendor\\laravel\\framework\\src\\Illuminate\\Foundation\\Console\\Kernel.php:427\nat vendor\\laravel\\framework\\src\\Illuminate\\Testing\\PendingCommand.php:332\nat vendor\\laravel\\framework\\src\\Illuminate\\Testing\\PendingCommand.php:556\nat vendor\\laravel\\framework\\src\\Illuminate\\Foundation\\Testing\\Concerns\\InteractsWithConsole.php:87\nat vendor\\laravel\\framework\\src\\Illuminate\\Foundation\\Testing\\RefreshDatabase.php:66\nat vendor\\laravel\\framework\\src\\Illuminate\\Foundation\\Testing\\RefreshDatabase.php:25\nat vendor\\laravel\\framework\\src\\Illuminate\\Foundation\\Testing\\Concerns\\InteractsWithTestCaseLifecycle.php:209\nat vendor\\laravel\\framework\\src\\Illuminate\\Foundation\\Testing\\Concerns\\InteractsWithTestCaseLifecycle.php:97\nat vendor\\laravel\\framework\\src\\Illuminate\\Foundation\\Testing\\TestCase.php:44"
                            },
                            {
                                "@attributes": {
                                    "name": "it prevents unauthorized users from accessing protected routes",
                                    "file": "tests\\Feature\\AuthTest.php::it prevents unauthorized users from accessing protected routes",
                                    "class": "Tests\\Feature\\AuthTest",
                                    "classname": "Tests.Feature.AuthTest",
                                    "assertions": "0",
                                    "time": "0.000000"
                                },
                                "error": "it prevents unauthorized users from accessing protected routesMockery\\Exception\\BadMethodCallException: Received Mockery_1_Illuminate_Console_OutputStyle::askQuestion(), but no expectations were specified\r\nat vendor\\symfony\\console\\Style\\SymfonyStyle.php:234\nat vendor\\laravel\\framework\\src\\Illuminate\\Console\\View\\Components\\Confirm.php:17\nat vendor\\laravel\\framework\\src\\Illuminate\\Console\\View\\Components\\Component.php:118\nat vendor\\laravel\\framework\\src\\Illuminate\\Console\\View\\Components\\Confirm.php:16\nat vendor\\laravel\\framework\\src\\Illuminate\\Console\\View\\Components\\Factory.php:60\nat vendor\\laravel\\framework\\src\\Illuminate\\Console\\Concerns\\ConfiguresPrompts.php:67\nat vendor\\laravel\\framework\\src\\Illuminate\\Console\\Concerns\\ConfiguresPrompts.php:126\nat vendor\\laravel\\framework\\src\\Illuminate\\Console\\Concerns\\ConfiguresPrompts.php:66\nat vendor\\laravel\\prompts\\src\\Concerns\\Fallback.php:59\nat vendor\\laravel\\prompts\\src\\Prompt.php:108\nat vendor\\laravel\\prompts\\src\\helpers.php:126\nat vendor\\laravel\\framework\\src\\Illuminate\\Console\\ConfirmableTrait.php:31\nat vendor\\laravel\\framework\\src\\Illuminate\\Database\\Console\\Migrations\\FreshCommand.php:61\nat vendor\\laravel\\framework\\src\\Illuminate\\Container\\BoundMethod.php:36\nat vendor\\laravel\\framework\\src\\Illuminate\\Container\\Util.php:43\nat vendor\\laravel\\framework\\src\\Illuminate\\Container\\BoundMethod.php:95\nat vendor\\laravel\\framework\\src\\Illuminate\\Container\\BoundMethod.php:35\nat vendor\\laravel\\framework\\src\\Illuminate\\Container\\Container.php:696\nat vendor\\laravel\\framework\\src\\Illuminate\\Console\\Command.php:213\nat vendor\\symfony\\console\\Command\\Command.php:341\nat vendor\\laravel\\framework\\src\\Illuminate\\Console\\Command.php:182\nat vendor\\symfony\\console\\Application.php:1117\nat vendor\\symfony\\console\\Application.php:356\nat vendor\\symfony\\console\\Application.php:195\nat vendor\\laravel\\framework\\src\\Illuminate\\Console\\Application.php:166\nat vendor\\laravel\\framework\\src\\Illuminate\\Foundation\\Console\\Kernel.php:427\nat vendor\\laravel\\framework\\src\\Illuminate\\Testing\\PendingCommand.php:332\nat vendor\\laravel\\framework\\src\\Illuminate\\Testing\\PendingCommand.php:556\nat vendor\\laravel\\framework\\src\\Illuminate\\Foundation\\Testing\\Concerns\\InteractsWithConsole.php:87\nat vendor\\laravel\\framework\\src\\Illuminate\\Foundation\\Testing\\RefreshDatabase.php:66\nat vendor\\laravel\\framework\\src\\Illuminate\\Foundation\\Testing\\RefreshDatabase.php:25\nat vendor\\laravel\\framework\\src\\Illuminate\\Foundation\\Testing\\Concerns\\InteractsWithTestCaseLifecycle.php:209\nat vendor\\laravel\\framework\\src\\Illuminate\\Foundation\\Testing\\Concerns\\InteractsWithTestCaseLifecycle.php:97\nat vendor\\laravel\\framework\\src\\Illuminate\\Foundation\\Testing\\TestCase.php:44"
                            },
                            {
                                "@attributes": {
                                    "name": "it allows an authenticated user to access protected routes",
                                    "file": "tests\\Feature\\AuthTest.php::it allows an authenticated user to access protected routes",
                                    "class": "Tests\\Feature\\AuthTest",
                                    "classname": "Tests.Feature.AuthTest",
                                    "assertions": "0",
                                    "time": "0.000000"
                                },
                                "error": "it allows an authenticated user to access protected routesMockery\\Exception\\BadMethodCallException: Received Mockery_1_Illuminate_Console_OutputStyle::askQuestion(), but no expectations were specified\r\nat vendor\\symfony\\console\\Style\\SymfonyStyle.php:234\nat vendor\\laravel\\framework\\src\\Illuminate\\Console\\View\\Components\\Confirm.php:17\nat vendor\\laravel\\framework\\src\\Illuminate\\Console\\View\\Components\\Component.php:118\nat vendor\\laravel\\framework\\src\\Illuminate\\Console\\View\\Components\\Confirm.php:16\nat vendor\\laravel\\framework\\src\\Illuminate\\Console\\View\\Components\\Factory.php:60\nat vendor\\laravel\\framework\\src\\Illuminate\\Console\\Concerns\\ConfiguresPrompts.php:67\nat vendor\\laravel\\framework\\src\\Illuminate\\Console\\Concerns\\ConfiguresPrompts.php:126\nat vendor\\laravel\\framework\\src\\Illuminate\\Console\\Concerns\\ConfiguresPrompts.php:66\nat vendor\\laravel\\prompts\\src\\Concerns\\Fallback.php:59\nat vendor\\laravel\\prompts\\src\\Prompt.php:108\nat vendor\\laravel\\prompts\\src\\helpers.php:126\nat vendor\\laravel\\framework\\src\\Illuminate\\Console\\ConfirmableTrait.php:31\nat vendor\\laravel\\framework\\src\\Illuminate\\Database\\Console\\Migrations\\FreshCommand.php:61\nat vendor\\laravel\\framework\\src\\Illuminate\\Container\\BoundMethod.php:36\nat vendor\\laravel\\framework\\src\\Illuminate\\Container\\Util.php:43\nat vendor\\laravel\\framework\\src\\Illuminate\\Container\\BoundMethod.php:95\nat vendor\\laravel\\framework\\src\\Illuminate\\Container\\BoundMethod.php:35\nat vendor\\laravel\\framework\\src\\Illuminate\\Container\\Container.php:696\nat vendor\\laravel\\framework\\src\\Illuminate\\Console\\Command.php:213\nat vendor\\symfony\\console\\Command\\Command.php:341\nat vendor\\laravel\\framework\\src\\Illuminate\\Console\\Command.php:182\nat vendor\\symfony\\console\\Application.php:1117\nat vendor\\symfony\\console\\Application.php:356\nat vendor\\symfony\\console\\Application.php:195\nat vendor\\laravel\\framework\\src\\Illuminate\\Console\\Application.php:166\nat vendor\\laravel\\framework\\src\\Illuminate\\Foundation\\Console\\Kernel.php:427\nat vendor\\laravel\\framework\\src\\Illuminate\\Testing\\PendingCommand.php:332\nat vendor\\laravel\\framework\\src\\Illuminate\\Testing\\PendingCommand.php:556\nat vendor\\laravel\\framework\\src\\Illuminate\\Foundation\\Testing\\Concerns\\InteractsWithConsole.php:87\nat vendor\\laravel\\framework\\src\\Illuminate\\Foundation\\Testing\\RefreshDatabase.php:66\nat vendor\\laravel\\framework\\src\\Illuminate\\Foundation\\Testing\\RefreshDatabase.php:25\nat vendor\\laravel\\framework\\src\\Illuminate\\Foundation\\Testing\\Concerns\\InteractsWithTestCaseLifecycle.php:209\nat vendor\\laravel\\framework\\src\\Illuminate\\Foundation\\Testing\\Concerns\\InteractsWithTestCaseLifecycle.php:97\nat vendor\\laravel\\framework\\src\\Illuminate\\Foundation\\Testing\\TestCase.php:44"
                            },
                            {
                                "@attributes": {
                                    "name": "it ensures role-based isolation works correctly",
                                    "file": "tests\\Feature\\AuthTest.php::it ensures role-based isolation works correctly",
                                    "class": "Tests\\Feature\\AuthTest",
                                    "classname": "Tests.Feature.AuthTest",
                                    "assertions": "0",
                                    "time": "0.000000"
                                },
                                "error": "it ensures role-based isolation works correctlyMockery\\Exception\\BadMethodCallException: Received Mockery_1_Illuminate_Console_OutputStyle::askQuestion(), but no expectations were specified\r\nat vendor\\symfony\\console\\Style\\SymfonyStyle.php:234\nat vendor\\laravel\\framework\\src\\Illuminate\\Console\\View\\Components\\Confirm.php:17\nat vendor\\laravel\\framework\\src\\Illuminate\\Console\\View\\Components\\Component.php:118\nat vendor\\laravel\\framework\\src\\Illuminate\\Console\\View\\Components\\Confirm.php:16\nat vendor\\laravel\\framework\\src\\Illuminate\\Console\\View\\Components\\Factory.php:60\nat vendor\\laravel\\framework\\src\\Illuminate\\Console\\Concerns\\ConfiguresPrompts.php:67\nat vendor\\laravel\\framework\\src\\Illuminate\\Console\\Concerns\\ConfiguresPrompts.php:126\nat vendor\\laravel\\framework\\src\\Illuminate\\Console\\Concerns\\ConfiguresPrompts.php:66\nat vendor\\laravel\\prompts\\src\\Concerns\\Fallback.php:59\nat vendor\\laravel\\prompts\\src\\Prompt.php:108\nat vendor\\laravel\\prompts\\src\\helpers.php:126\nat vendor\\laravel\\framework\\src\\Illuminate\\Console\\ConfirmableTrait.php:31\nat vendor\\laravel\\framework\\src\\Illuminate\\Database\\Console\\Migrations\\FreshCommand.php:61\nat vendor\\laravel\\framework\\src\\Illuminate\\Container\\BoundMethod.php:36\nat vendor\\laravel\\framework\\src\\Illuminate\\Container\\Util.php:43\nat vendor\\laravel\\framework\\src\\Illuminate\\Container\\BoundMethod.php:95\nat vendor\\laravel\\framework\\src\\Illuminate\\Container\\BoundMethod.php:35\nat vendor\\laravel\\framework\\src\\Illuminate\\Container\\Container.php:696\nat vendor\\laravel\\framework\\src\\Illuminate\\Console\\Command.php:213\nat vendor\\symfony\\console\\Command\\Command.php:341\nat vendor\\laravel\\framework\\src\\Illuminate\\Console\\Command.php:182\nat vendor\\symfony\\console\\Application.php:1117\nat vendor\\symfony\\console\\Application.php:356\nat vendor\\symfony\\console\\Application.php:195\nat vendor\\laravel\\framework\\src\\Illuminate\\Console\\Application.php:166\nat vendor\\laravel\\framework\\src\\Illuminate\\Foundation\\Console\\Kernel.php:427\nat vendor\\laravel\\framework\\src\\Illuminate\\Testing\\PendingCommand.php:332\nat vendor\\laravel\\framework\\src\\Illuminate\\Testing\\PendingCommand.php:556\nat vendor\\laravel\\framework\\src\\Illuminate\\Foundation\\Testing\\Concerns\\InteractsWithConsole.php:87\nat vendor\\laravel\\framework\\src\\Illuminate\\Foundation\\Testing\\RefreshDatabase.php:66\nat vendor\\laravel\\framework\\src\\Illuminate\\Foundation\\Testing\\RefreshDatabase.php:25\nat vendor\\laravel\\framework\\src\\Illuminate\\Foundation\\Testing\\Concerns\\InteractsWithTestCaseLifecycle.php:209\nat vendor\\laravel\\framework\\src\\Illuminate\\Foundation\\Testing\\Concerns\\InteractsWithTestCaseLifecycle.php:97\nat vendor\\laravel\\framework\\src\\Illuminate\\Foundation\\Testing\\TestCase.php:44"
                            }
                        ]
                    },
                    {
                        "@attributes": {
                            "name": "Tests\\Feature\\InvoiceCrudTest",
                            "file": "tests\\Feature\\InvoiceCrudTest.php",
                            "tests": "7",
                            "assertions": "0",
                            "errors": "7",
                            "failures": "0",
                            "skipped": "0",
                            "time": "0.000000"
                        },
                        "testcase": [
                            {
                                "@attributes": {
                                    "name": "it can list all invoices",
                                    "file": "tests\\Feature\\InvoiceCrudTest.php::it can list all invoices",
                                    "class": "Tests\\Feature\\InvoiceCrudTest",
                                    "classname": "Tests.Feature.InvoiceCrudTest",
                                    "assertions": "0",
                                    "time": "0.000000"
                                },
                                "error": "it can list all invoicesMockery\\Exception\\BadMethodCallException: Received Mockery_1_Illuminate_Console_OutputStyle::askQuestion(), but no expectations were specified\r\nat vendor\\symfony\\console\\Style\\SymfonyStyle.php:234\nat vendor\\laravel\\framework\\src\\Illuminate\\Console\\View\\Components\\Confirm.php:17\nat vendor\\laravel\\framework\\src\\Illuminate\\Console\\View\\Components\\Component.php:118\nat vendor\\laravel\\framework\\src\\Illuminate\\Console\\View\\Components\\Confirm.php:16\nat vendor\\laravel\\framework\\src\\Illuminate\\Console\\View\\Components\\Factory.php:60\nat vendor\\laravel\\framework\\src\\Illuminate\\Console\\Concerns\\ConfiguresPrompts.php:67\nat vendor\\laravel\\framework\\src\\Illuminate\\Console\\Concerns\\ConfiguresPrompts.php:126\nat vendor\\laravel\\framework\\src\\Illuminate\\Console\\Concerns\\ConfiguresPrompts.php:66\nat vendor\\laravel\\prompts\\src\\Concerns\\Fallback.php:59\nat vendor\\laravel\\prompts\\src\\Prompt.php:108\nat vendor\\laravel\\prompts\\src\\helpers.php:126\nat vendor\\laravel\\framework\\src\\Illuminate\\Console\\ConfirmableTrait.php:31\nat vendor\\laravel\\framework\\src\\Illuminate\\Database\\Console\\Migrations\\FreshCommand.php:61\nat vendor\\laravel\\framework\\src\\Illuminate\\Container\\BoundMethod.php:36\nat vendor\\laravel\\framework\\src\\Illuminate\\Container\\Util.php:43\nat vendor\\laravel\\framework\\src\\Illuminate\\Container\\BoundMethod.php:95\nat vendor\\laravel\\framework\\src\\Illuminate\\Container\\BoundMethod.php:35\nat vendor\\laravel\\framework\\src\\Illuminate\\Container\\Container.php:696\nat vendor\\laravel\\framework\\src\\Illuminate\\Console\\Command.php:213\nat vendor\\symfony\\console\\Command\\Command.php:341\nat vendor\\laravel\\framework\\src\\Illuminate\\Console\\Command.php:182\nat vendor\\symfony\\console\\Application.php:1117\nat vendor\\symfony\\console\\Application.php:356\nat vendor\\symfony\\console\\Application.php:195\nat vendor\\laravel\\framework\\src\\Illuminate\\Console\\Application.php:166\nat vendor\\laravel\\framework\\src\\Illuminate\\Foundation\\Console\\Kernel.php:427\nat vendor\\laravel\\framework\\src\\Illuminate\\Testing\\PendingCommand.php:332\nat vendor\\laravel\\framework\\src\\Illuminate\\Testing\\PendingCommand.php:556\nat vendor\\laravel\\framework\\src\\Illuminate\\Foundation\\Testing\\Concerns\\InteractsWithConsole.php:87\nat vendor\\laravel\\framework\\src\\Illuminate\\Foundation\\Testing\\RefreshDatabase.php:66\nat vendor\\laravel\\framework\\src\\Illuminate\\Foundation\\Testing\\RefreshDatabase.php:25\nat vendor\\laravel\\framework\\src\\Illuminate\\Foundation\\Testing\\Concerns\\InteractsWithTestCaseLifecycle.php:209\nat vendor\\laravel\\framework\\src\\Illuminate\\Foundation\\Testing\\Concerns\\InteractsWithTestCaseLifecycle.php:97\nat vendor\\laravel\\framework\\src\\Illuminate\\Foundation\\Testing\\TestCase.php:44"
                            },
                            {
                                "@attributes": {
                                    "name": "it can create a new invoice with items",
                                    "file": "tests\\Feature\\InvoiceCrudTest.php::it can create a new invoice with items",
                                    "class": "Tests\\Feature\\InvoiceCrudTest",
                                    "classname": "Tests.Feature.InvoiceCrudTest",
                                    "assertions": "0",
                                    "time": "0.000000"
                                },
                                "error": "it can create a new invoice with itemsMockery\\Exception\\BadMethodCallException: Received Mockery_1_Illuminate_Console_OutputStyle::askQuestion(), but no expectations were specified\r\nat vendor\\symfony\\console\\Style\\SymfonyStyle.php:234\nat vendor\\laravel\\framework\\src\\Illuminate\\Console\\View\\Components\\Confirm.php:17\nat vendor\\laravel\\framework\\src\\Illuminate\\Console\\View\\Components\\Component.php:118\nat vendor\\laravel\\framework\\src\\Illuminate\\Console\\View\\Components\\Confirm.php:16\nat vendor\\laravel\\framework\\src\\Illuminate\\Console\\View\\Components\\Factory.php:60\nat vendor\\laravel\\framework\\src\\Illuminate\\Console\\Concerns\\ConfiguresPrompts.php:67\nat vendor\\laravel\\framework\\src\\Illuminate\\Console\\Concerns\\ConfiguresPrompts.php:126\nat vendor\\laravel\\framework\\src\\Illuminate\\Console\\Concerns\\ConfiguresPrompts.php:66\nat vendor\\laravel\\prompts\\src\\Concerns\\Fallback.php:59\nat vendor\\laravel\\prompts\\src\\Prompt.php:108\nat vendor\\laravel\\prompts\\src\\helpers.php:126\nat vendor\\laravel\\framework\\src\\Illuminate\\Console\\ConfirmableTrait.php:31\nat vendor\\laravel\\framework\\src\\Illuminate\\Database\\Console\\Migrations\\FreshCommand.php:61\nat vendor\\laravel\\framework\\src\\Illuminate\\Container\\BoundMethod.php:36\nat vendor\\laravel\\framework\\src\\Illuminate\\Container\\Util.php:43\nat vendor\\laravel\\framework\\src\\Illuminate\\Container\\BoundMethod.php:95\nat vendor\\laravel\\framework\\src\\Illuminate\\Container\\BoundMethod.php:35\nat vendor\\laravel\\framework\\src\\Illuminate\\Container\\Container.php:696\nat vendor\\laravel\\framework\\src\\Illuminate\\Console\\Command.php:213\nat vendor\\symfony\\console\\Command\\Command.php:341\nat vendor\\laravel\\framework\\src\\Illuminate\\Console\\Command.php:182\nat vendor\\symfony\\console\\Application.php:1117\nat vendor\\symfony\\console\\Application.php:356\nat vendor\\symfony\\console\\Application.php:195\nat vendor\\laravel\\framework\\src\\Illuminate\\Console\\Application.php:166\nat vendor\\laravel\\framework\\src\\Illuminate\\Foundation\\Console\\Kernel.php:427\nat vendor\\laravel\\framework\\src\\Illuminate\\Testing\\PendingCommand.php:332\nat vendor\\laravel\\framework\\src\\Illuminate\\Testing\\PendingCommand.php:556\nat vendor\\laravel\\framework\\src\\Illuminate\\Foundation\\Testing\\Concerns\\InteractsWithConsole.php:87\nat vendor\\laravel\\framework\\src\\Illuminate\\Foundation\\Testing\\RefreshDatabase.php:66\nat vendor\\laravel\\framework\\src\\Illuminate\\Foundation\\Testing\\RefreshDatabase.php:25\nat vendor\\laravel\\framework\\src\\Illuminate\\Foundation\\Testing\\Concerns\\InteractsWithTestCaseLifecycle.php:209\nat vendor\\laravel\\framework\\src\\Illuminate\\Foundation\\Testing\\Concerns\\InteractsWithTestCaseLifecycle.php:97\nat vendor\\laravel\\framework\\src\\Illuminate\\Foundation\\Testing\\TestCase.php:44"
                            },
                            {
                                "@attributes": {
                                    "name": "it returns validation errors when creating an invoice with invalid data",
                                    "file": "tests\\Feature\\InvoiceCrudTest.php::it returns validation errors when creating an invoice with invalid data",
                                    "class": "Tests\\Feature\\InvoiceCrudTest",
                                    "classname": "Tests.Feature.InvoiceCrudTest",
                                    "assertions": "0",
                                    "time": "0.000000"
                                },
                                "error": "it returns validation errors when creating an invoice with invalid dataMockery\\Exception\\BadMethodCallException: Received Mockery_1_Illuminate_Console_OutputStyle::askQuestion(), but no expectations were specified\r\nat vendor\\symfony\\console\\Style\\SymfonyStyle.php:234\nat vendor\\laravel\\framework\\src\\Illuminate\\Console\\View\\Components\\Confirm.php:17\nat vendor\\laravel\\framework\\src\\Illuminate\\Console\\View\\Components\\Component.php:118\nat vendor\\laravel\\framework\\src\\Illuminate\\Console\\View\\Components\\Confirm.php:16\nat vendor\\laravel\\framework\\src\\Illuminate\\Console\\View\\Components\\Factory.php:60\nat vendor\\laravel\\framework\\src\\Illuminate\\Console\\Concerns\\ConfiguresPrompts.php:67\nat vendor\\laravel\\framework\\src\\Illuminate\\Console\\Concerns\\ConfiguresPrompts.php:126\nat vendor\\laravel\\framework\\src\\Illuminate\\Console\\Concerns\\ConfiguresPrompts.php:66\nat vendor\\laravel\\prompts\\src\\Concerns\\Fallback.php:59\nat vendor\\laravel\\prompts\\src\\Prompt.php:108\nat vendor\\laravel\\prompts\\src\\helpers.php:126\nat vendor\\laravel\\framework\\src\\Illuminate\\Console\\ConfirmableTrait.php:31\nat vendor\\laravel\\framework\\src\\Illuminate\\Database\\Console\\Migrations\\FreshCommand.php:61\nat vendor\\laravel\\framework\\src\\Illuminate\\Container\\BoundMethod.php:36\nat vendor\\laravel\\framework\\src\\Illuminate\\Container\\Util.php:43\nat vendor\\laravel\\framework\\src\\Illuminate\\Container\\BoundMethod.php:95\nat vendor\\laravel\\framework\\src\\Illuminate\\Container\\BoundMethod.php:35\nat vendor\\laravel\\framework\\src\\Illuminate\\Container\\Container.php:696\nat vendor\\laravel\\framework\\src\\Illuminate\\Console\\Command.php:213\nat vendor\\symfony\\console\\Command\\Command.php:341\nat vendor\\laravel\\framework\\src\\Illuminate\\Console\\Command.php:182\nat vendor\\symfony\\console\\Application.php:1117\nat vendor\\symfony\\console\\Application.php:356\nat vendor\\symfony\\console\\Application.php:195\nat vendor\\laravel\\framework\\src\\Illuminate\\Console\\Application.php:166\nat vendor\\laravel\\framework\\src\\Illuminate\\Foundation\\Console\\Kernel.php:427\nat vendor\\laravel\\framework\\src\\Illuminate\\Testing\\PendingCommand.php:332\nat vendor\\laravel\\framework\\src\\Illuminate\\Testing\\PendingCommand.php:556\nat vendor\\laravel\\framework\\src\\Illuminate\\Foundation\\Testing\\Concerns\\InteractsWithConsole.php:87\nat vendor\\laravel\\framework\\src\\Illuminate\\Foundation\\Testing\\RefreshDatabase.php:66\nat vendor\\laravel\\framework\\src\\Illuminate\\Foundation\\Testing\\RefreshDatabase.php:25\nat vendor\\laravel\\framework\\src\\Illuminate\\Foundation\\Testing\\Concerns\\InteractsWithTestCaseLifecycle.php:209\nat vendor\\laravel\\framework\\src\\Illuminate\\Foundation\\Testing\\Concerns\\InteractsWithTestCaseLifecycle.php:97\nat vendor\\laravel\\framework\\src\\Illuminate\\Foundation\\Testing\\TestCase.php:44"
                            },
                            {
                                "@attributes": {
                                    "name": "it can show a specific invoice",
                                    "file": "tests\\Feature\\InvoiceCrudTest.php::it can show a specific invoice",
                                    "class": "Tests\\Feature\\InvoiceCrudTest",
                                    "classname": "Tests.Feature.InvoiceCrudTest",
                                    "assertions": "0",
                                    "time": "0.000000"
                                },
                                "error": "it can show a specific invoiceMockery\\Exception\\BadMethodCallException: Received Mockery_1_Illuminate_Console_OutputStyle::askQuestion(), but no expectations were specified\r\nat vendor\\symfony\\console\\Style\\SymfonyStyle.php:234\nat vendor\\laravel\\framework\\src\\Illuminate\\Console\\View\\Components\\Confirm.php:17\nat vendor\\laravel\\framework\\src\\Illuminate\\Console\\View\\Components\\Component.php:118\nat vendor\\laravel\\framework\\src\\Illuminate\\Console\\View\\Components\\Confirm.php:16\nat vendor\\laravel\\framework\\src\\Illuminate\\Console\\View\\Components\\Factory.php:60\nat vendor\\laravel\\framework\\src\\Illuminate\\Console\\Concerns\\ConfiguresPrompts.php:67\nat vendor\\laravel\\framework\\src\\Illuminate\\Console\\Concerns\\ConfiguresPrompts.php:126\nat vendor\\laravel\\framework\\src\\Illuminate\\Console\\Concerns\\ConfiguresPrompts.php:66\nat vendor\\laravel\\prompts\\src\\Concerns\\Fallback.php:59\nat vendor\\laravel\\prompts\\src\\Prompt.php:108\nat vendor\\laravel\\prompts\\src\\helpers.php:126\nat vendor\\laravel\\framework\\src\\Illuminate\\Console\\ConfirmableTrait.php:31\nat vendor\\laravel\\framework\\src\\Illuminate\\Database\\Console\\Migrations\\FreshCommand.php:61\nat vendor\\laravel\\framework\\src\\Illuminate\\Container\\BoundMethod.php:36\nat vendor\\laravel\\framework\\src\\Illuminate\\Container\\Util.php:43\nat vendor\\laravel\\framework\\src\\Illuminate\\Container\\BoundMethod.php:95\nat vendor\\laravel\\framework\\src\\Illuminate\\Container\\BoundMethod.php:35\nat vendor\\laravel\\framework\\src\\Illuminate\\Container\\Container.php:696\nat vendor\\laravel\\framework\\src\\Illuminate\\Console\\Command.php:213\nat vendor\\symfony\\console\\Command\\Command.php:341\nat vendor\\laravel\\framework\\src\\Illuminate\\Console\\Command.php:182\nat vendor\\symfony\\console\\Application.php:1117\nat vendor\\symfony\\console\\Application.php:356\nat vendor\\symfony\\console\\Application.php:195\nat vendor\\laravel\\framework\\src\\Illuminate\\Console\\Application.php:166\nat vendor\\laravel\\framework\\src\\Illuminate\\Foundation\\Console\\Kernel.php:427\nat vendor\\laravel\\framework\\src\\Illuminate\\Testing\\PendingCommand.php:332\nat vendor\\laravel\\framework\\src\\Illuminate\\Testing\\PendingCommand.php:556\nat vendor\\laravel\\framework\\src\\Illuminate\\Foundation\\Testing\\Concerns\\InteractsWithConsole.php:87\nat vendor\\laravel\\framework\\src\\Illuminate\\Foundation\\Testing\\RefreshDatabase.php:66\nat vendor\\laravel\\framework\\src\\Illuminate\\Foundation\\Testing\\RefreshDatabase.php:25\nat vendor\\laravel\\framework\\src\\Illuminate\\Foundation\\Testing\\Concerns\\InteractsWithTestCaseLifecycle.php:209\nat vendor\\laravel\\framework\\src\\Illuminate\\Foundation\\Testing\\Concerns\\InteractsWithTestCaseLifecycle.php:97\nat vendor\\laravel\\framework\\src\\Illuminate\\Foundation\\Testing\\TestCase.php:44"
                            },
                            {
                                "@attributes": {
                                    "name": "it returns 404 when showing a non-existent invoice",
                                    "file": "tests\\Feature\\InvoiceCrudTest.php::it returns 404 when showing a non-existent invoice",
                                    "class": "Tests\\Feature\\InvoiceCrudTest",
                                    "classname": "Tests.Feature.InvoiceCrudTest",
                                    "assertions": "0",
                                    "time": "0.000000"
                                },
                                "error": "it returns 404 when showing a non-existent invoiceMockery\\Exception\\BadMethodCallException: Received Mockery_1_Illuminate_Console_OutputStyle::askQuestion(), but no expectations were specified\r\nat vendor\\symfony\\console\\Style\\SymfonyStyle.php:234\nat vendor\\laravel\\framework\\src\\Illuminate\\Console\\View\\Components\\Confirm.php:17\nat vendor\\laravel\\framework\\src\\Illuminate\\Console\\View\\Components\\Component.php:118\nat vendor\\laravel\\framework\\src\\Illuminate\\Console\\View\\Components\\Confirm.php:16\nat vendor\\laravel\\framework\\src\\Illuminate\\Console\\View\\Components\\Factory.php:60\nat vendor\\laravel\\framework\\src\\Illuminate\\Console\\Concerns\\ConfiguresPrompts.php:67\nat vendor\\laravel\\framework\\src\\Illuminate\\Console\\Concerns\\ConfiguresPrompts.php:126\nat vendor\\laravel\\framework\\src\\Illuminate\\Console\\Concerns\\ConfiguresPrompts.php:66\nat vendor\\laravel\\prompts\\src\\Concerns\\Fallback.php:59\nat vendor\\laravel\\prompts\\src\\Prompt.php:108\nat vendor\\laravel\\prompts\\src\\helpers.php:126\nat vendor\\laravel\\framework\\src\\Illuminate\\Console\\ConfirmableTrait.php:31\nat vendor\\laravel\\framework\\src\\Illuminate\\Database\\Console\\Migrations\\FreshCommand.php:61\nat vendor\\laravel\\framework\\src\\Illuminate\\Container\\BoundMethod.php:36\nat vendor\\laravel\\framework\\src\\Illuminate\\Container\\Util.php:43\nat vendor\\laravel\\framework\\src\\Illuminate\\Container\\BoundMethod.php:95\nat vendor\\laravel\\framework\\src\\Illuminate\\Container\\BoundMethod.php:35\nat vendor\\laravel\\framework\\src\\Illuminate\\Container\\Container.php:696\nat vendor\\laravel\\framework\\src\\Illuminate\\Console\\Command.php:213\nat vendor\\symfony\\console\\Command\\Command.php:341\nat vendor\\laravel\\framework\\src\\Illuminate\\Console\\Command.php:182\nat vendor\\symfony\\console\\Application.php:1117\nat vendor\\symfony\\console\\Application.php:356\nat vendor\\symfony\\console\\Application.php:195\nat vendor\\laravel\\framework\\src\\Illuminate\\Console\\Application.php:166\nat vendor\\laravel\\framework\\src\\Illuminate\\Foundation\\Console\\Kernel.php:427\nat vendor\\laravel\\framework\\src\\Illuminate\\Testing\\PendingCommand.php:332\nat vendor\\laravel\\framework\\src\\Illuminate\\Testing\\PendingCommand.php:556\nat vendor\\laravel\\framework\\src\\Illuminate\\Foundation\\Testing\\Concerns\\InteractsWithConsole.php:87\nat vendor\\laravel\\framework\\src\\Illuminate\\Foundation\\Testing\\RefreshDatabase.php:66\nat vendor\\laravel\\framework\\src\\Illuminate\\Foundation\\Testing\\RefreshDatabase.php:25\nat vendor\\laravel\\framework\\src\\Illuminate\\Foundation\\Testing\\Concerns\\InteractsWithTestCaseLifecycle.php:209\nat vendor\\laravel\\framework\\src\\Illuminate\\Foundation\\Testing\\Concerns\\InteractsWithTestCaseLifecycle.php:97\nat vendor\\laravel\\framework\\src\\Illuminate\\Foundation\\Testing\\TestCase.php:44"
                            },
                            {
                                "@attributes": {
                                    "name": "it can update an existing invoice",
                                    "file": "tests\\Feature\\InvoiceCrudTest.php::it can update an existing invoice",
                                    "class": "Tests\\Feature\\InvoiceCrudTest",
                                    "classname": "Tests.Feature.InvoiceCrudTest",
                                    "assertions": "0",
                                    "time": "0.000000"
                                },
                                "error": "it can update an existing invoiceMockery\\Exception\\BadMethodCallException: Received Mockery_1_Illuminate_Console_OutputStyle::askQuestion(), but no expectations were specified\r\nat vendor\\symfony\\console\\Style\\SymfonyStyle.php:234\nat vendor\\laravel\\framework\\src\\Illuminate\\Console\\View\\Components\\Confirm.php:17\nat vendor\\laravel\\framework\\src\\Illuminate\\Console\\View\\Components\\Component.php:118\nat vendor\\laravel\\framework\\src\\Illuminate\\Console\\View\\Components\\Confirm.php:16\nat vendor\\laravel\\framework\\src\\Illuminate\\Console\\View\\Components\\Factory.php:60\nat vendor\\laravel\\framework\\src\\Illuminate\\Console\\Concerns\\ConfiguresPrompts.php:67\nat vendor\\laravel\\framework\\src\\Illuminate\\Console\\Concerns\\ConfiguresPrompts.php:126\nat vendor\\laravel\\framework\\src\\Illuminate\\Console\\Concerns\\ConfiguresPrompts.php:66\nat vendor\\laravel\\prompts\\src\\Concerns\\Fallback.php:59\nat vendor\\laravel\\prompts\\src\\Prompt.php:108\nat vendor\\laravel\\prompts\\src\\helpers.php:126\nat vendor\\laravel\\framework\\src\\Illuminate\\Console\\ConfirmableTrait.php:31\nat vendor\\laravel\\framework\\src\\Illuminate\\Database\\Console\\Migrations\\FreshCommand.php:61\nat vendor\\laravel\\framework\\src\\Illuminate\\Container\\BoundMethod.php:36\nat vendor\\laravel\\framework\\src\\Illuminate\\Container\\Util.php:43\nat vendor\\laravel\\framework\\src\\Illuminate\\Container\\BoundMethod.php:95\nat vendor\\laravel\\framework\\src\\Illuminate\\Container\\BoundMethod.php:35\nat vendor\\laravel\\framework\\src\\Illuminate\\Container\\Container.php:696\nat vendor\\laravel\\framework\\src\\Illuminate\\Console\\Command.php:213\nat vendor\\symfony\\console\\Command\\Command.php:341\nat vendor\\laravel\\framework\\src\\Illuminate\\Console\\Command.php:182\nat vendor\\symfony\\console\\Application.php:1117\nat vendor\\symfony\\console\\Application.php:356\nat vendor\\symfony\\console\\Application.php:195\nat vendor\\laravel\\framework\\src\\Illuminate\\Console\\Application.php:166\nat vendor\\laravel\\framework\\src\\Illuminate\\Foundation\\Console\\Kernel.php:427\nat vendor\\laravel\\framework\\src\\Illuminate\\Testing\\PendingCommand.php:332\nat vendor\\laravel\\framework\\src\\Illuminate\\Testing\\PendingCommand.php:556\nat vendor\\laravel\\framework\\src\\Illuminate\\Foundation\\Testing\\Concerns\\InteractsWithConsole.php:87\nat vendor\\laravel\\framework\\src\\Illuminate\\Foundation\\Testing\\RefreshDatabase.php:66\nat vendor\\laravel\\framework\\src\\Illuminate\\Foundation\\Testing\\RefreshDatabase.php:25\nat vendor\\laravel\\framework\\src\\Illuminate\\Foundation\\Testing\\Concerns\\InteractsWithTestCaseLifecycle.php:209\nat vendor\\laravel\\framework\\src\\Illuminate\\Foundation\\Testing\\Concerns\\InteractsWithTestCaseLifecycle.php:97\nat vendor\\laravel\\framework\\src\\Illuminate\\Foundation\\Testing\\TestCase.php:44"
                            },
                            {
                                "@attributes": {
                                    "name": "it can delete an invoice",
                                    "file": "tests\\Feature\\InvoiceCrudTest.php::it can delete an invoice",
                                    "class": "Tests\\Feature\\InvoiceCrudTest",
                                    "classname": "Tests.Feature.InvoiceCrudTest",
                                    "assertions": "0",
                                    "time": "0.000000"
                                },
                                "error": "it can delete an invoiceMockery\\Exception\\BadMethodCallException: Received Mockery_1_Illuminate_Console_OutputStyle::askQuestion(), but no expectations were specified\r\nat vendor\\symfony\\console\\Style\\SymfonyStyle.php:234\nat vendor\\laravel\\framework\\src\\Illuminate\\Console\\View\\Components\\Confirm.php:17\nat vendor\\laravel\\framework\\src\\Illuminate\\Console\\View\\Components\\Component.php:118\nat vendor\\laravel\\framework\\src\\Illuminate\\Console\\View\\Components\\Confirm.php:16\nat vendor\\laravel\\framework\\src\\Illuminate\\Console\\View\\Components\\Factory.php:60\nat vendor\\laravel\\framework\\src\\Illuminate\\Console\\Concerns\\ConfiguresPrompts.php:67\nat vendor\\laravel\\framework\\src\\Illuminate\\Console\\Concerns\\ConfiguresPrompts.php:126\nat vendor\\laravel\\framework\\src\\Illuminate\\Console\\Concerns\\ConfiguresPrompts.php:66\nat vendor\\laravel\\prompts\\src\\Concerns\\Fallback.php:59\nat vendor\\laravel\\prompts\\src\\Prompt.php:108\nat vendor\\laravel\\prompts\\src\\helpers.php:126\nat vendor\\laravel\\framework\\src\\Illuminate\\Console\\ConfirmableTrait.php:31\nat vendor\\laravel\\framework\\src\\Illuminate\\Database\\Console\\Migrations\\FreshCommand.php:61\nat vendor\\laravel\\framework\\src\\Illuminate\\Container\\BoundMethod.php:36\nat vendor\\laravel\\framework\\src\\Illuminate\\Container\\Util.php:43\nat vendor\\laravel\\framework\\src\\Illuminate\\Container\\BoundMethod.php:95\nat vendor\\laravel\\framework\\src\\Illuminate\\Container\\BoundMethod.php:35\nat vendor\\laravel\\framework\\src\\Illuminate\\Container\\Container.php:696\nat vendor\\laravel\\framework\\src\\Illuminate\\Console\\Command.php:213\nat vendor\\symfony\\console\\Command\\Command.php:341\nat vendor\\laravel\\framework\\src\\Illuminate\\Console\\Command.php:182\nat vendor\\symfony\\console\\Application.php:1117\nat vendor\\symfony\\console\\Application.php:356\nat vendor\\symfony\\console\\Application.php:195\nat vendor\\laravel\\framework\\src\\Illuminate\\Console\\Application.php:166\nat vendor\\laravel\\framework\\src\\Illuminate\\Foundation\\Console\\Kernel.php:427\nat vendor\\laravel\\framework\\src\\Illuminate\\Testing\\PendingCommand.php:332\nat vendor\\laravel\\framework\\src\\Illuminate\\Testing\\PendingCommand.php:556\nat vendor\\laravel\\framework\\src\\Illuminate\\Foundation\\Testing\\Concerns\\InteractsWithConsole.php:87\nat vendor\\laravel\\framework\\src\\Illuminate\\Foundation\\Testing\\RefreshDatabase.php:66\nat vendor\\laravel\\framework\\src\\Illuminate\\Foundation\\Testing\\RefreshDatabase.php:25\nat vendor\\laravel\\framework\\src\\Illuminate\\Foundation\\Testing\\Concerns\\InteractsWithTestCaseLifecycle.php:209\nat vendor\\laravel\\framework\\src\\Illuminate\\Foundation\\Testing\\Concerns\\InteractsWithTestCaseLifecycle.php:97\nat vendor\\laravel\\framework\\src\\Illuminate\\Foundation\\Testing\\TestCase.php:44"
                            }
                        ]
                    }
                ]
            }
        ]
    }
}