<?xml version="1.0" encoding="UTF-8"?>
<testsuites>
  <testsuite name="C:\Users\hamditou\school-inventory-system\phpunit.xml" tests="6" assertions="1" errors="5" failures="1" skipped="0" time="0.006431">
    <testsuite name="Unit" tests="1" assertions="1" errors="0" failures="0" skipped="0" time="0.006431">
      <testsuite name="Tests\Unit\ExampleTest" file="Example (Tests\Unit\Example)" tests="1" assertions="1" errors="0" failures="0" skipped="0" time="0.006431">
        <testcase name="That true is true" file="Example (Tests\Unit\Example)::That true is true" class="Tests\Unit\ExampleTest" classname="Tests.Unit.ExampleTest" assertions="1" time="0.006431"/>
      </testsuite>
    </testsuite>
    <testsuite name="Feature" tests="5" assertions="0" errors="5" failures="1" skipped="0" time="0.000000">
      <testsuite name="Tests\Feature\AuthTest" file="tests\Feature\AuthTest.php" tests="5" assertions="0" errors="5" failures="0" skipped="0" time="0.000000">
        <testcase name="it allows a user to login with valid credentials" file="tests\Feature\AuthTest.php::it allows a user to login with valid credentials" class="Tests\Feature\AuthTest" classname="Tests.Feature.AuthTest" assertions="0" time="0.000000">
          <error type="Mockery\Exception\BadMethodCallException">it allows a user to login with valid credentialsMockery\Exception\BadMethodCallException: Received Mockery_1_Illuminate_Console_OutputStyle::askQuestion(), but no expectations were specified&#13;
at vendor\symfony\console\Style\SymfonyStyle.php:234
at vendor\laravel\framework\src\Illuminate\Console\View\Components\Confirm.php:17
at vendor\laravel\framework\src\Illuminate\Console\View\Components\Component.php:118
at vendor\laravel\framework\src\Illuminate\Console\View\Components\Confirm.php:16
at vendor\laravel\framework\src\Illuminate\Console\View\Components\Factory.php:60
at vendor\laravel\framework\src\Illuminate\Console\Concerns\ConfiguresPrompts.php:67
at vendor\laravel\framework\src\Illuminate\Console\Concerns\ConfiguresPrompts.php:126
at vendor\laravel\framework\src\Illuminate\Console\Concerns\ConfiguresPrompts.php:66
at vendor\laravel\prompts\src\Concerns\Fallback.php:59
at vendor\laravel\prompts\src\Prompt.php:108
at vendor\laravel\prompts\src\helpers.php:126
at vendor\laravel\framework\src\Illuminate\Console\ConfirmableTrait.php:31
at vendor\laravel\framework\src\Illuminate\Database\Console\Migrations\FreshCommand.php:61
at vendor\laravel\framework\src\Illuminate\Container\BoundMethod.php:36
at vendor\laravel\framework\src\Illuminate\Container\Util.php:43
at vendor\laravel\framework\src\Illuminate\Container\BoundMethod.php:95
at vendor\laravel\framework\src\Illuminate\Container\BoundMethod.php:35
at vendor\laravel\framework\src\Illuminate\Container\Container.php:696
at vendor\laravel\framework\src\Illuminate\Console\Command.php:213
at vendor\symfony\console\Command\Command.php:341
at vendor\laravel\framework\src\Illuminate\Console\Command.php:182
at vendor\symfony\console\Application.php:1117
at vendor\symfony\console\Application.php:356
at vendor\symfony\console\Application.php:195
at vendor\laravel\framework\src\Illuminate\Console\Application.php:166
at vendor\laravel\framework\src\Illuminate\Foundation\Console\Kernel.php:427
at vendor\laravel\framework\src\Illuminate\Testing\PendingCommand.php:332
at vendor\laravel\framework\src\Illuminate\Testing\PendingCommand.php:556
at vendor\laravel\framework\src\Illuminate\Foundation\Testing\Concerns\InteractsWithConsole.php:87
at vendor\laravel\framework\src\Illuminate\Foundation\Testing\RefreshDatabase.php:66
at vendor\laravel\framework\src\Illuminate\Foundation\Testing\RefreshDatabase.php:25
at vendor\laravel\framework\src\Illuminate\Foundation\Testing\Concerns\InteractsWithTestCaseLifecycle.php:209
at vendor\laravel\framework\src\Illuminate\Foundation\Testing\Concerns\InteractsWithTestCaseLifecycle.php:97
at vendor\laravel\framework\src\Illuminate\Foundation\Testing\TestCase.php:44</error>
        </testcase>
        <testcase name="it rejects login with invalid credentials" file="tests\Feature\AuthTest.php::it rejects login with invalid credentials" class="Tests\Feature\AuthTest" classname="Tests.Feature.AuthTest" assertions="0" time="0.000000">
          <error type="Mockery\Exception\BadMethodCallException">it rejects login with invalid credentialsMockery\Exception\BadMethodCallException: Received Mockery_1_Illuminate_Console_OutputStyle::askQuestion(), but no expectations were specified&#13;
at vendor\symfony\console\Style\SymfonyStyle.php:234
at vendor\laravel\framework\src\Illuminate\Console\View\Components\Confirm.php:17
at vendor\laravel\framework\src\Illuminate\Console\View\Components\Component.php:118
at vendor\laravel\framework\src\Illuminate\Console\View\Components\Confirm.php:16
at vendor\laravel\framework\src\Illuminate\Console\View\Components\Factory.php:60
at vendor\laravel\framework\src\Illuminate\Console\Concerns\ConfiguresPrompts.php:67
at vendor\laravel\framework\src\Illuminate\Console\Concerns\ConfiguresPrompts.php:126
at vendor\laravel\framework\src\Illuminate\Console\Concerns\ConfiguresPrompts.php:66
at vendor\laravel\prompts\src\Concerns\Fallback.php:59
at vendor\laravel\prompts\src\Prompt.php:108
at vendor\laravel\prompts\src\helpers.php:126
at vendor\laravel\framework\src\Illuminate\Console\ConfirmableTrait.php:31
at vendor\laravel\framework\src\Illuminate\Database\Console\Migrations\FreshCommand.php:61
at vendor\laravel\framework\src\Illuminate\Container\BoundMethod.php:36
at vendor\laravel\framework\src\Illuminate\Container\Util.php:43
at vendor\laravel\framework\src\Illuminate\Container\BoundMethod.php:95
at vendor\laravel\framework\src\Illuminate\Container\BoundMethod.php:35
at vendor\laravel\framework\src\Illuminate\Container\Container.php:696
at vendor\laravel\framework\src\Illuminate\Console\Command.php:213
at vendor\symfony\console\Command\Command.php:341
at vendor\laravel\framework\src\Illuminate\Console\Command.php:182
at vendor\symfony\console\Application.php:1117
at vendor\symfony\console\Application.php:356
at vendor\symfony\console\Application.php:195
at vendor\laravel\framework\src\Illuminate\Console\Application.php:166
at vendor\laravel\framework\src\Illuminate\Foundation\Console\Kernel.php:427
at vendor\laravel\framework\src\Illuminate\Testing\PendingCommand.php:332
at vendor\laravel\framework\src\Illuminate\Testing\PendingCommand.php:556
at vendor\laravel\framework\src\Illuminate\Foundation\Testing\Concerns\InteractsWithConsole.php:87
at vendor\laravel\framework\src\Illuminate\Foundation\Testing\RefreshDatabase.php:66
at vendor\laravel\framework\src\Illuminate\Foundation\Testing\RefreshDatabase.php:25
at vendor\laravel\framework\src\Illuminate\Foundation\Testing\Concerns\InteractsWithTestCaseLifecycle.php:209
at vendor\laravel\framework\src\Illuminate\Foundation\Testing\Concerns\InteractsWithTestCaseLifecycle.php:97
at vendor\laravel\framework\src\Illuminate\Foundation\Testing\TestCase.php:44</error>
        </testcase>
        <testcase name="it prevents unauthorized users from accessing protected routes" file="tests\Feature\AuthTest.php::it prevents unauthorized users from accessing protected routes" class="Tests\Feature\AuthTest" classname="Tests.Feature.AuthTest" assertions="0" time="0.000000">
          <error type="Mockery\Exception\BadMethodCallException">it prevents unauthorized users from accessing protected routesMockery\Exception\BadMethodCallException: Received Mockery_1_Illuminate_Console_OutputStyle::askQuestion(), but no expectations were specified&#13;
at vendor\symfony\console\Style\SymfonyStyle.php:234
at vendor\laravel\framework\src\Illuminate\Console\View\Components\Confirm.php:17
at vendor\laravel\framework\src\Illuminate\Console\View\Components\Component.php:118
at vendor\laravel\framework\src\Illuminate\Console\View\Components\Confirm.php:16
at vendor\laravel\framework\src\Illuminate\Console\View\Components\Factory.php:60
at vendor\laravel\framework\src\Illuminate\Console\Concerns\ConfiguresPrompts.php:67
at vendor\laravel\framework\src\Illuminate\Console\Concerns\ConfiguresPrompts.php:126
at vendor\laravel\framework\src\Illuminate\Console\Concerns\ConfiguresPrompts.php:66
at vendor\laravel\prompts\src\Concerns\Fallback.php:59
at vendor\laravel\prompts\src\Prompt.php:108
at vendor\laravel\prompts\src\helpers.php:126
at vendor\laravel\framework\src\Illuminate\Console\ConfirmableTrait.php:31
at vendor\laravel\framework\src\Illuminate\Database\Console\Migrations\FreshCommand.php:61
at vendor\laravel\framework\src\Illuminate\Container\BoundMethod.php:36
at vendor\laravel\framework\src\Illuminate\Container\Util.php:43
at vendor\laravel\framework\src\Illuminate\Container\BoundMethod.php:95
at vendor\laravel\framework\src\Illuminate\Container\BoundMethod.php:35
at vendor\laravel\framework\src\Illuminate\Container\Container.php:696
at vendor\laravel\framework\src\Illuminate\Console\Command.php:213
at vendor\symfony\console\Command\Command.php:341
at vendor\laravel\framework\src\Illuminate\Console\Command.php:182
at vendor\symfony\console\Application.php:1117
at vendor\symfony\console\Application.php:356
at vendor\symfony\console\Application.php:195
at vendor\laravel\framework\src\Illuminate\Console\Application.php:166
at vendor\laravel\framework\src\Illuminate\Foundation\Console\Kernel.php:427
at vendor\laravel\framework\src\Illuminate\Testing\PendingCommand.php:332
at vendor\laravel\framework\src\Illuminate\Testing\PendingCommand.php:556
at vendor\laravel\framework\src\Illuminate\Foundation\Testing\Concerns\InteractsWithConsole.php:87
at vendor\laravel\framework\src\Illuminate\Foundation\Testing\RefreshDatabase.php:66
at vendor\laravel\framework\src\Illuminate\Foundation\Testing\RefreshDatabase.php:25
at vendor\laravel\framework\src\Illuminate\Foundation\Testing\Concerns\InteractsWithTestCaseLifecycle.php:209
at vendor\laravel\framework\src\Illuminate\Foundation\Testing\Concerns\InteractsWithTestCaseLifecycle.php:97
at vendor\laravel\framework\src\Illuminate\Foundation\Testing\TestCase.php:44</error>
        </testcase>
        <testcase name="it allows an authenticated user to access protected routes" file="tests\Feature\AuthTest.php::it allows an authenticated user to access protected routes" class="Tests\Feature\AuthTest" classname="Tests.Feature.AuthTest" assertions="0" time="0.000000">
          <error type="Mockery\Exception\BadMethodCallException">it allows an authenticated user to access protected routesMockery\Exception\BadMethodCallException: Received Mockery_1_Illuminate_Console_OutputStyle::askQuestion(), but no expectations were specified&#13;
at vendor\symfony\console\Style\SymfonyStyle.php:234
at vendor\laravel\framework\src\Illuminate\Console\View\Components\Confirm.php:17
at vendor\laravel\framework\src\Illuminate\Console\View\Components\Component.php:118
at vendor\laravel\framework\src\Illuminate\Console\View\Components\Confirm.php:16
at vendor\laravel\framework\src\Illuminate\Console\View\Components\Factory.php:60
at vendor\laravel\framework\src\Illuminate\Console\Concerns\ConfiguresPrompts.php:67
at vendor\laravel\framework\src\Illuminate\Console\Concerns\ConfiguresPrompts.php:126
at vendor\laravel\framework\src\Illuminate\Console\Concerns\ConfiguresPrompts.php:66
at vendor\laravel\prompts\src\Concerns\Fallback.php:59
at vendor\laravel\prompts\src\Prompt.php:108
at vendor\laravel\prompts\src\helpers.php:126
at vendor\laravel\framework\src\Illuminate\Console\ConfirmableTrait.php:31
at vendor\laravel\framework\src\Illuminate\Database\Console\Migrations\FreshCommand.php:61
at vendor\laravel\framework\src\Illuminate\Container\BoundMethod.php:36
at vendor\laravel\framework\src\Illuminate\Container\Util.php:43
at vendor\laravel\framework\src\Illuminate\Container\BoundMethod.php:95
at vendor\laravel\framework\src\Illuminate\Container\BoundMethod.php:35
at vendor\laravel\framework\src\Illuminate\Container\Container.php:696
at vendor\laravel\framework\src\Illuminate\Console\Command.php:213
at vendor\symfony\console\Command\Command.php:341
at vendor\laravel\framework\src\Illuminate\Console\Command.php:182
at vendor\symfony\console\Application.php:1117
at vendor\symfony\console\Application.php:356
at vendor\symfony\console\Application.php:195
at vendor\laravel\framework\src\Illuminate\Console\Application.php:166
at vendor\laravel\framework\src\Illuminate\Foundation\Console\Kernel.php:427
at vendor\laravel\framework\src\Illuminate\Testing\PendingCommand.php:332
at vendor\laravel\framework\src\Illuminate\Testing\PendingCommand.php:556
at vendor\laravel\framework\src\Illuminate\Foundation\Testing\Concerns\InteractsWithConsole.php:87
at vendor\laravel\framework\src\Illuminate\Foundation\Testing\RefreshDatabase.php:66
at vendor\laravel\framework\src\Illuminate\Foundation\Testing\RefreshDatabase.php:25
at vendor\laravel\framework\src\Illuminate\Foundation\Testing\Concerns\InteractsWithTestCaseLifecycle.php:209
at vendor\laravel\framework\src\Illuminate\Foundation\Testing\Concerns\InteractsWithTestCaseLifecycle.php:97
at vendor\laravel\framework\src\Illuminate\Foundation\Testing\TestCase.php:44</error>
        </testcase>
        <testcase name="it ensures role-based isolation works correctly" file="tests\Feature\AuthTest.php::it ensures role-based isolation works correctly" class="Tests\Feature\AuthTest" classname="Tests.Feature.AuthTest" assertions="0" time="0.000000">
          <error type="Mockery\Exception\BadMethodCallException">it ensures role-based isolation works correctlyMockery\Exception\BadMethodCallException: Received Mockery_1_Illuminate_Console_OutputStyle::askQuestion(), but no expectations were specified&#13;
at vendor\symfony\console\Style\SymfonyStyle.php:234
at vendor\laravel\framework\src\Illuminate\Console\View\Components\Confirm.php:17
at vendor\laravel\framework\src\Illuminate\Console\View\Components\Component.php:118
at vendor\laravel\framework\src\Illuminate\Console\View\Components\Confirm.php:16
at vendor\laravel\framework\src\Illuminate\Console\View\Components\Factory.php:60
at vendor\laravel\framework\src\Illuminate\Console\Concerns\ConfiguresPrompts.php:67
at vendor\laravel\framework\src\Illuminate\Console\Concerns\ConfiguresPrompts.php:126
at vendor\laravel\framework\src\Illuminate\Console\Concerns\ConfiguresPrompts.php:66
at vendor\laravel\prompts\src\Concerns\Fallback.php:59
at vendor\laravel\prompts\src\Prompt.php:108
at vendor\laravel\prompts\src\helpers.php:126
at vendor\laravel\framework\src\Illuminate\Console\ConfirmableTrait.php:31
at vendor\laravel\framework\src\Illuminate\Database\Console\Migrations\FreshCommand.php:61
at vendor\laravel\framework\src\Illuminate\Container\BoundMethod.php:36
at vendor\laravel\framework\src\Illuminate\Container\Util.php:43
at vendor\laravel\framework\src\Illuminate\Container\BoundMethod.php:95
at vendor\laravel\framework\src\Illuminate\Container\BoundMethod.php:35
at vendor\laravel\framework\src\Illuminate\Container\Container.php:696
at vendor\laravel\framework\src\Illuminate\Console\Command.php:213
at vendor\symfony\console\Command\Command.php:341
at vendor\laravel\framework\src\Illuminate\Console\Command.php:182
at vendor\symfony\console\Application.php:1117
at vendor\symfony\console\Application.php:356
at vendor\symfony\console\Application.php:195
at vendor\laravel\framework\src\Illuminate\Console\Application.php:166
at vendor\laravel\framework\src\Illuminate\Foundation\Console\Kernel.php:427
at vendor\laravel\framework\src\Illuminate\Testing\PendingCommand.php:332
at vendor\laravel\framework\src\Illuminate\Testing\PendingCommand.php:556
at vendor\laravel\framework\src\Illuminate\Foundation\Testing\Concerns\InteractsWithConsole.php:87
at vendor\laravel\framework\src\Illuminate\Foundation\Testing\RefreshDatabase.php:66
at vendor\laravel\framework\src\Illuminate\Foundation\Testing\RefreshDatabase.php:25
at vendor\laravel\framework\src\Illuminate\Foundation\Testing\Concerns\InteractsWithTestCaseLifecycle.php:209
at vendor\laravel\framework\src\Illuminate\Foundation\Testing\Concerns\InteractsWithTestCaseLifecycle.php:97
at vendor\laravel\framework\src\Illuminate\Foundation\Testing\TestCase.php:44</error>
        </testcase>
      </testsuite>
      <testsuite name="Tests\Feature\ExampleTest" file="Example (Tests\Feature\Example)" tests="0" assertions="0" errors="0" failures="1" skipped="0" time="0.000000"/>
    </testsuite>
  </testsuite>
</testsuites>
